<!DOCTYPE html>

<html>
  <head>
  <meta charset='utf-8'>
  <title>TestNG reports</title>

    <link type="text/css" href="testng-reports1.css" rel="stylesheet" id="ultra" />
    <link type="text/css" href="testng-reports.css" rel="stylesheet" id="retro" disabled="false"/>
    <script type="text/javascript" src="jquery.min.js"></script>
    <script type="text/javascript" src="testng-reports.js"></script>
    <script type="text/javascript" src="https://www.google.com/jsapi"></script>
    <script type='text/javascript'>
      google.load('visualization', '1', {packages:['table']});
      google.setOnLoadCallback(drawTable);
      var suiteTableInitFunctions = new Array();
      var suiteTableData = new Array();
    </script>
    <!--
      <script type="text/javascript" src="jquery-ui/js/jquery-ui-1.8.16.custom.min.js"></script>
     -->
  </head>

  <body>
    <div class="top-banner-root">
      <span class="top-banner-title-font">Test results</span>
      <button id="button" class="button">Switch Retro Theme</button> <!-- button -->
      <br/>
      <span class="top-banner-font-1">1 suite</span>
    </div> <!-- top-banner-root -->
    <div class="navigator-root">
      <div class="navigator-suite-header">
        <span>All suites</span>
        <a href="#" title="Collapse/expand all the suites" class="collapse-all-link">
          <img src="collapseall.gif" class="collapse-all-icon">
          </img> <!-- collapse-all-icon -->
        </a> <!-- collapse-all-link -->
      </div> <!-- navigator-suite-header -->
      <div class="suite">
        <div class="rounded-window">
          <div class="suite-header light-rounded-window-top">
            <a href="#" panel-name="suite-Surefire_suite" class="navigator-link">
              <span class="suite-name border-skipped">Surefire suite</span>
            </a> <!-- navigator-link -->
          </div> <!-- suite-header light-rounded-window-top -->
          <div class="navigator-suite-content">
            <div class="suite-section-title">
              <span>Info</span>
            </div> <!-- suite-section-title -->
            <div class="suite-section-content">
              <ul>
                <li>
                  <a href="#" panel-name="test-xml-Surefire_suite" class="navigator-link ">
                    <span>[unset file name]</span>
                  </a> <!-- navigator-link  -->
                </li>
                <li>
                  <a href="#" panel-name="testlist-Surefire_suite" class="navigator-link ">
                    <span class="test-stats">1 test</span>
                  </a> <!-- navigator-link  -->
                </li>
                <li>
                  <a href="#" panel-name="group-Surefire_suite" class="navigator-link ">
                    <span>0 groups</span>
                  </a> <!-- navigator-link  -->
                </li>
                <li>
                  <a href="#" panel-name="times-Surefire_suite" class="navigator-link ">
                    <span>Times</span>
                  </a> <!-- navigator-link  -->
                </li>
                <li>
                  <a href="#" panel-name="reporter-Surefire_suite" class="navigator-link ">
                    <span>Reporter output</span>
                  </a> <!-- navigator-link  -->
                </li>
                <li>
                  <a href="#" panel-name="ignored-methods-Surefire_suite" class="navigator-link ">
                    <span>Ignored methods</span>
                  </a> <!-- navigator-link  -->
                </li>
                <li>
                  <a href="#" panel-name="chronological-Surefire_suite" class="navigator-link ">
                    <span>Chronological view</span>
                  </a> <!-- navigator-link  -->
                </li>
              </ul>
            </div> <!-- suite-section-content -->
            <div class="result-section">
              <div class="suite-section-title">
                <span>Results</span>
              </div> <!-- suite-section-title -->
              <div class="suite-section-content">
                <ul>
                  <li>
                    <span class="method-stats">3 methods,  3 skipped,  </span>
                  </li>
                  <li>
                    <span class="method-list-title skipped">Skipped methods</span>
                    <span class="show-or-hide-methods skipped">
                      <a href="#" panel-name="suite-Surefire_suite" class="hide-methods skipped suite-Surefire_suite"> (hide)</a> <!-- hide-methods skipped suite-Surefire_suite -->
                      <a href="#" panel-name="suite-Surefire_suite" class="show-methods skipped suite-Surefire_suite"> (show)</a> <!-- show-methods skipped suite-Surefire_suite -->
                    </span>
                    <div class="method-list-content skipped suite-Surefire_suite">
                      <span>
                        <img src="skipped.png" width="3%"/>
                        <a href="#" panel-name="suite-Surefire_suite" title="com.alfuttaim.qa.testcases.LoginPageTest" class="method navigator-link" hash-for-method="TyCarTest">TyCarTest</a> <!-- method navigator-link -->
                      </span>
                      <br/>
                      <span>
                        <img src="skipped.png" width="3%"/>
                        <a href="#" panel-name="suite-Surefire_suite" title="com.alfuttaim.qa.testcases.LoginPageTest" class="method navigator-link" hash-for-method="ValidateAddToCartProd">ValidateAddToCartProd</a> <!-- method navigator-link -->
                      </span>
                      <br/>
                      <span>
                        <img src="skipped.png" width="3%"/>
                        <a href="#" panel-name="suite-Surefire_suite" title="com.alfuttaim.qa.testcases.LoginPageTest" class="method navigator-link" hash-for-method="homePageTitleTest">homePageTitleTest</a> <!-- method navigator-link -->
                      </span>
                      <br/>
                    </div> <!-- method-list-content skipped suite-Surefire_suite -->
                  </li>
                </ul>
              </div> <!-- suite-section-content -->
            </div> <!-- result-section -->
          </div> <!-- navigator-suite-content -->
        </div> <!-- rounded-window -->
      </div> <!-- suite -->
    </div> <!-- navigator-root -->
    <div class="wrapper">
      <div class="main-panel-root">
        <div panel-name="suite-Surefire_suite" class="panel Surefire_suite">
          <div class="suite-Surefire_suite-class-skipped">
            <div class="main-panel-header rounded-window-top">
              <img src="skipped.png"/>
              <span class="class-name">com.alfuttaim.qa.testcases.LoginPageTest</span>
            </div> <!-- main-panel-header rounded-window-top -->
            <div class="main-panel-content rounded-window-bottom">
              <div class="method">
                <div class="method-content">
                  <a name="TyCarTest">
                  </a> <!-- TyCarTest -->
                  <span class="method-name">TyCarTest</span>
                  <div class="stack-trace">org.openqa.selenium.TimeoutException: timeout: Timed out receiving message from renderer: 28.106
  (Session info: chrome=108.0.5359.125)
Build info: version: &apos;4.7.0&apos;, revision: &apos;0a5b49d16f&apos;
System info: os.name: &apos;Windows 10&apos;, os.arch: &apos;amd64&apos;, os.version: &apos;10.0&apos;, java.version: &apos;19.0.1&apos;
Driver info: org.openqa.selenium.chrome.ChromeDriver
Command: [bd57c08eedb63d0f9260d2aa6746060a, get {url=https://www.toyota.ae/en/}]
Capabilities {acceptInsecureCerts: false, browserName: chrome, browserVersion: 108.0.5359.125, chrome: {chromedriverVersion: 107.0.5304.62 (1eec40d3a576..., userDataDir: C:\Users\Saurabh\AppData\Lo...}, goog:chromeOptions: {debuggerAddress: localhost:49675}, networkConnectionEnabled: false, pageLoadStrategy: normal, platformName: WINDOWS, proxy: Proxy(), se:cdp: ws://localhost:49675/devtoo..., se:cdpVersion: 108.0.5359.125, setWindowRect: true, strictFileInteractability: false, timeouts: {implicit: 0, pageLoad: 300000, script: 30000}, unhandledPromptBehavior: dismiss and notify, webauthn:extension:credBlob: true, webauthn:extension:largeBlob: true, webauthn:virtualAuthenticators: true}
Session ID: bd57c08eedb63d0f9260d2aa6746060a
	at org.openqa.selenium.remote.codec.w3c.W3CHttpResponseCodec.createException(W3CHttpResponseCodec.java:200)
	at org.openqa.selenium.remote.codec.w3c.W3CHttpResponseCodec.decode(W3CHttpResponseCodec.java:133)
	at org.openqa.selenium.remote.codec.w3c.W3CHttpResponseCodec.decode(W3CHttpResponseCodec.java:53)
	at org.openqa.selenium.remote.HttpCommandExecutor.execute(HttpCommandExecutor.java:184)
	at org.openqa.selenium.remote.service.DriverCommandExecutor.invokeExecute(DriverCommandExecutor.java:167)
	at org.openqa.selenium.remote.service.DriverCommandExecutor.execute(DriverCommandExecutor.java:142)
	at org.openqa.selenium.remote.RemoteWebDriver.execute(RemoteWebDriver.java:541)
	at org.openqa.selenium.remote.RemoteWebDriver.get(RemoteWebDriver.java:310)
	at com.alfuttaim.qa.base.TestBase.initialization(TestBase.java:66)
	at com.alfuttaim.qa.testcases.LoginPageTest.setup(LoginPageTest.java:40)
	at java.base/java.util.ArrayList.forEach(ArrayList.java:1511)
... Removed 37 stack frames
</div> <!-- stack-trace -->
                </div> <!-- method-content -->
              </div> <!-- method -->
              <div class="method">
                <div class="method-content">
                  <a name="ValidateAddToCartProd">
                  </a> <!-- ValidateAddToCartProd -->
                  <span class="method-name">ValidateAddToCartProd</span>
                  <div class="stack-trace">org.openqa.selenium.TimeoutException: timeout: Timed out receiving message from renderer: 28.106
  (Session info: chrome=108.0.5359.125)
Build info: version: &apos;4.7.0&apos;, revision: &apos;0a5b49d16f&apos;
System info: os.name: &apos;Windows 10&apos;, os.arch: &apos;amd64&apos;, os.version: &apos;10.0&apos;, java.version: &apos;19.0.1&apos;
Driver info: org.openqa.selenium.chrome.ChromeDriver
Command: [bd57c08eedb63d0f9260d2aa6746060a, get {url=https://www.toyota.ae/en/}]
Capabilities {acceptInsecureCerts: false, browserName: chrome, browserVersion: 108.0.5359.125, chrome: {chromedriverVersion: 107.0.5304.62 (1eec40d3a576..., userDataDir: C:\Users\Saurabh\AppData\Lo...}, goog:chromeOptions: {debuggerAddress: localhost:49675}, networkConnectionEnabled: false, pageLoadStrategy: normal, platformName: WINDOWS, proxy: Proxy(), se:cdp: ws://localhost:49675/devtoo..., se:cdpVersion: 108.0.5359.125, setWindowRect: true, strictFileInteractability: false, timeouts: {implicit: 0, pageLoad: 300000, script: 30000}, unhandledPromptBehavior: dismiss and notify, webauthn:extension:credBlob: true, webauthn:extension:largeBlob: true, webauthn:virtualAuthenticators: true}
Session ID: bd57c08eedb63d0f9260d2aa6746060a
	at org.openqa.selenium.remote.codec.w3c.W3CHttpResponseCodec.createException(W3CHttpResponseCodec.java:200)
	at org.openqa.selenium.remote.codec.w3c.W3CHttpResponseCodec.decode(W3CHttpResponseCodec.java:133)
	at org.openqa.selenium.remote.codec.w3c.W3CHttpResponseCodec.decode(W3CHttpResponseCodec.java:53)
	at org.openqa.selenium.remote.HttpCommandExecutor.execute(HttpCommandExecutor.java:184)
	at org.openqa.selenium.remote.service.DriverCommandExecutor.invokeExecute(DriverCommandExecutor.java:167)
	at org.openqa.selenium.remote.service.DriverCommandExecutor.execute(DriverCommandExecutor.java:142)
	at org.openqa.selenium.remote.RemoteWebDriver.execute(RemoteWebDriver.java:541)
	at org.openqa.selenium.remote.RemoteWebDriver.get(RemoteWebDriver.java:310)
	at com.alfuttaim.qa.base.TestBase.initialization(TestBase.java:66)
	at com.alfuttaim.qa.testcases.LoginPageTest.setup(LoginPageTest.java:40)
	at java.base/java.util.ArrayList.forEach(ArrayList.java:1511)
... Removed 37 stack frames
</div> <!-- stack-trace -->
                </div> <!-- method-content -->
              </div> <!-- method -->
              <div class="method">
                <div class="method-content">
                  <a name="homePageTitleTest">
                  </a> <!-- homePageTitleTest -->
                  <span class="method-name">homePageTitleTest</span>
                  <div class="stack-trace">org.openqa.selenium.TimeoutException: timeout: Timed out receiving message from renderer: 28.106
  (Session info: chrome=108.0.5359.125)
Build info: version: &apos;4.7.0&apos;, revision: &apos;0a5b49d16f&apos;
System info: os.name: &apos;Windows 10&apos;, os.arch: &apos;amd64&apos;, os.version: &apos;10.0&apos;, java.version: &apos;19.0.1&apos;
Driver info: org.openqa.selenium.chrome.ChromeDriver
Command: [bd57c08eedb63d0f9260d2aa6746060a, get {url=https://www.toyota.ae/en/}]
Capabilities {acceptInsecureCerts: false, browserName: chrome, browserVersion: 108.0.5359.125, chrome: {chromedriverVersion: 107.0.5304.62 (1eec40d3a576..., userDataDir: C:\Users\Saurabh\AppData\Lo...}, goog:chromeOptions: {debuggerAddress: localhost:49675}, networkConnectionEnabled: false, pageLoadStrategy: normal, platformName: WINDOWS, proxy: Proxy(), se:cdp: ws://localhost:49675/devtoo..., se:cdpVersion: 108.0.5359.125, setWindowRect: true, strictFileInteractability: false, timeouts: {implicit: 0, pageLoad: 300000, script: 30000}, unhandledPromptBehavior: dismiss and notify, webauthn:extension:credBlob: true, webauthn:extension:largeBlob: true, webauthn:virtualAuthenticators: true}
Session ID: bd57c08eedb63d0f9260d2aa6746060a
	at org.openqa.selenium.remote.codec.w3c.W3CHttpResponseCodec.createException(W3CHttpResponseCodec.java:200)
	at org.openqa.selenium.remote.codec.w3c.W3CHttpResponseCodec.decode(W3CHttpResponseCodec.java:133)
	at org.openqa.selenium.remote.codec.w3c.W3CHttpResponseCodec.decode(W3CHttpResponseCodec.java:53)
	at org.openqa.selenium.remote.HttpCommandExecutor.execute(HttpCommandExecutor.java:184)
	at org.openqa.selenium.remote.service.DriverCommandExecutor.invokeExecute(DriverCommandExecutor.java:167)
	at org.openqa.selenium.remote.service.DriverCommandExecutor.execute(DriverCommandExecutor.java:142)
	at org.openqa.selenium.remote.RemoteWebDriver.execute(RemoteWebDriver.java:541)
	at org.openqa.selenium.remote.RemoteWebDriver.get(RemoteWebDriver.java:310)
	at com.alfuttaim.qa.base.TestBase.initialization(TestBase.java:66)
	at com.alfuttaim.qa.testcases.LoginPageTest.setup(LoginPageTest.java:40)
	at java.base/java.util.ArrayList.forEach(ArrayList.java:1511)
... Removed 37 stack frames
</div> <!-- stack-trace -->
                </div> <!-- method-content -->
              </div> <!-- method -->
            </div> <!-- main-panel-content rounded-window-bottom -->
          </div> <!-- suite-Surefire_suite-class-skipped -->
        </div> <!-- panel Surefire_suite -->
        <div panel-name="test-xml-Surefire_suite" class="panel">
          <div class="main-panel-header rounded-window-top">
          </div> <!-- main-panel-header rounded-window-top -->
          <div class="main-panel-content rounded-window-bottom">
            <pre>
&lt;?xml version=&quot;1.0&quot; encoding=&quot;UTF-8&quot;?&gt;
&lt;!DOCTYPE suite SYSTEM &quot;https://testng.org/testng-1.0.dtd&quot;&gt;
&lt;suite thread-count=&quot;1&quot; name=&quot;Surefire suite&quot; verbose=&quot;0&quot;&gt;
  &lt;test thread-count=&quot;1&quot; name=&quot;Surefire test&quot; verbose=&quot;0&quot;&gt;
    &lt;classes&gt;
      &lt;class name=&quot;com.alfuttaim.qa.testcases.LoginPageTest&quot;/&gt;
    &lt;/classes&gt;
  &lt;/test&gt; &lt;!-- Surefire test --&gt;
&lt;/suite&gt; &lt;!-- Surefire suite --&gt;
            </pre>
          </div> <!-- main-panel-content rounded-window-bottom -->
        </div> <!-- panel -->
        <div panel-name="testlist-Surefire_suite" class="panel">
          <div class="main-panel-header rounded-window-top">
            <span class="header-content">Tests for Surefire suite</span>
          </div> <!-- main-panel-header rounded-window-top -->
          <div class="main-panel-content rounded-window-bottom">
            <ul>
              <li>
                <span class="test-name">Surefire test (1 class)</span>
              </li>
            </ul>
          </div> <!-- main-panel-content rounded-window-bottom -->
        </div> <!-- panel -->
        <div panel-name="group-Surefire_suite" class="panel">
          <div class="main-panel-header rounded-window-top">
            <span class="header-content">Groups for Surefire suite</span>
          </div> <!-- main-panel-header rounded-window-top -->
          <div class="main-panel-content rounded-window-bottom">
          </div> <!-- main-panel-content rounded-window-bottom -->
        </div> <!-- panel -->
        <div panel-name="times-Surefire_suite" class="panel">
          <div class="main-panel-header rounded-window-top">
            <span class="header-content">Times for Surefire suite</span>
          </div> <!-- main-panel-header rounded-window-top -->
          <div class="main-panel-content rounded-window-bottom">
            <div class="times-div">
              <script type="text/javascript">
suiteTableInitFunctions.push('tableData_Surefire_suite');
function tableData_Surefire_suite() {
var data = new google.visualization.DataTable();
data.addColumn('number', 'Number');
data.addColumn('string', 'Method');
data.addColumn('string', 'Class');
data.addColumn('number', 'Time (ms)');
data.addRows(3);
data.setCell(0, 0, 0)
data.setCell(0, 1, 'homePageTitleTest')
data.setCell(0, 2, 'com.alfuttaim.qa.testcases.LoginPageTest')
data.setCell(0, 3, 1);
data.setCell(1, 0, 1)
data.setCell(1, 1, 'ValidateAddToCartProd')
data.setCell(1, 2, 'com.alfuttaim.qa.testcases.LoginPageTest')
data.setCell(1, 3, 0);
data.setCell(2, 0, 2)
data.setCell(2, 1, 'TyCarTest')
data.setCell(2, 2, 'com.alfuttaim.qa.testcases.LoginPageTest')
data.setCell(2, 3, 0);
window.suiteTableData['Surefire_suite']= { tableData: data, tableDiv: 'times-div-Surefire_suite'}
return data;
}
              </script>
              <span class="suite-total-time">Total running time: 1 ms</span>
              <div id="times-div-Surefire_suite">
              </div> <!-- times-div-Surefire_suite -->
            </div> <!-- times-div -->
          </div> <!-- main-panel-content rounded-window-bottom -->
        </div> <!-- panel -->
        <div panel-name="reporter-Surefire_suite" class="panel">
          <div class="main-panel-header rounded-window-top">
            <span class="header-content">Reporter output for Surefire suite</span>
          </div> <!-- main-panel-header rounded-window-top -->
          <div class="main-panel-content rounded-window-bottom">
          </div> <!-- main-panel-content rounded-window-bottom -->
        </div> <!-- panel -->
        <div panel-name="ignored-methods-Surefire_suite" class="panel">
          <div class="main-panel-header rounded-window-top">
            <span class="header-content">0 ignored methods</span>
          </div> <!-- main-panel-header rounded-window-top -->
          <div class="main-panel-content rounded-window-bottom">
          </div> <!-- main-panel-content rounded-window-bottom -->
        </div> <!-- panel -->
        <div panel-name="chronological-Surefire_suite" class="panel">
          <div class="main-panel-header rounded-window-top">
            <span class="header-content">Methods in chronological order</span>
          </div> <!-- main-panel-header rounded-window-top -->
          <div class="main-panel-content rounded-window-bottom">
            <div class="chronological-class">
              <div class="chronological-class-name">com.alfuttaim.qa.testcases.LoginPageTest</div> <!-- chronological-class-name -->
              <div class="configuration-method before">
                <img src="failed.png">
                </img>
                <span class="method-name">setup</span>
                <span class="method-start">0 ms</span>
              </div> <!-- configuration-method before -->
              <div class="test-method">
                <span class="method-name">homePageTitleTest</span>
                <span class="method-start">37981 ms</span>
              </div> <!-- test-method -->
              <div class="configuration-method after">
                <span class="method-name">teardown</span>
                <span class="method-start">37992 ms</span>
              </div> <!-- configuration-method after -->
              <div class="configuration-method before">
                <span class="method-name">setup</span>
                <span class="method-start">37999 ms</span>
              </div> <!-- configuration-method before -->
              <div class="test-method">
                <span class="method-name">ValidateAddToCartProd</span>
                <span class="method-start">38000 ms</span>
              </div> <!-- test-method -->
              <div class="configuration-method after">
                <span class="method-name">teardown</span>
                <span class="method-start">38006 ms</span>
              </div> <!-- configuration-method after -->
              <div class="configuration-method before">
                <span class="method-name">setup</span>
                <span class="method-start">38009 ms</span>
              </div> <!-- configuration-method before -->
              <div class="test-method">
                <span class="method-name">TyCarTest</span>
                <span class="method-start">38010 ms</span>
              </div> <!-- test-method -->
              <div class="configuration-method after">
                <span class="method-name">teardown</span>
                <span class="method-start">38013 ms</span>
              </div> <!-- configuration-method after -->
          </div> <!-- main-panel-content rounded-window-bottom -->
        </div> <!-- panel -->
      </div> <!-- main-panel-root -->
    </div> <!-- wrapper -->
  </body>
<script type="text/javascript" src="testng-reports2.js"></script>
</html>
